   1              	 .syntax unified
   2              	 .cpu cortex-m4
   3              	 .eabi_attribute 27,3
   4              	 .fpu fpv4-sp-d16
   5              	 .eabi_attribute 20,1
   6              	 .eabi_attribute 21,1
   7              	 .eabi_attribute 23,3
   8              	 .eabi_attribute 24,1
   9              	 .eabi_attribute 25,1
  10              	 .eabi_attribute 26,1
  11              	 .eabi_attribute 30,6
  12              	 .eabi_attribute 34,1
  13              	 .eabi_attribute 18,4
  14              	 .thumb
  15              	 .file "pwm_conf.c"
  16              	 .text
  17              	.Ltext0:
  18              	 .cfi_sections .debug_frame
  19              	 .global PWM_CLAMP_compare_config
  20              	 .section .rodata.PWM_CLAMP_compare_config,"a",%progbits
  21              	 .align 2
  24              	PWM_CLAMP_compare_config:
  25 0000 00       	 .byte 0
  26 0001 00       	 .byte 0
  27 0002 00       	 .byte 0
  28 0003 00       	 .byte 0
  29 0004 06       	 .byte 6
  30 0005 00       	 .byte 0
  31 0006 0000     	 .space 2
  32              	 .global PWM_CLAMP_gpio_out_config
  33              	 .section .rodata.PWM_CLAMP_gpio_out_config,"a",%progbits
  34              	 .align 2
  37              	PWM_CLAMP_gpio_out_config:
  38 0000 98       	 .byte -104
  39 0001 000000   	 .space 3
  40 0004 00000100 	 .word 65536
  41 0008 04       	 .byte 4
  42 0009 000000   	 .space 3
  43              	 .global PWM_CLAMP
  44              	 .section .data.PWM_CLAMP,"aw",%progbits
  45              	 .align 2
  48              	PWM_CLAMP:
  49 0000 00000000 	 .word GLOBAL_CCU4_0
  50 0004 00400048 	 .word 1207975936
  51 0008 00410048 	 .word 1207976192
  52 000c 00000000 	 .word PWM_CLAMP_compare_config
  53 0010 00860248 	 .word 1208124928
  54 0014 00000000 	 .word PWM_CLAMP_gpio_out_config
  55 0018 C8AF0000 	 .word 45000
  56 001c C7AF0000 	 .word 44999
  57 0020 00000000 	 .word 0
  58 0024 05000000 	 .word 5
  59 0028 00       	 .byte 0
  60 0029 02       	 .byte 2
  61 002a 00       	 .byte 0
  62 002b 00       	 .byte 0
  63 002c 05       	 .byte 5
  64 002d 03       	 .byte 3
  65 002e 00       	 .byte 0
  66 002f 01       	 .byte 1
  67 0030 00       	 .byte 0
  68 0031 00       	 .byte 0
  69 0032 0000     	 .space 2
  70              	 .global PWM_LIFT_compare_config
  71              	 .section .rodata.PWM_LIFT_compare_config,"a",%progbits
  72              	 .align 2
  75              	PWM_LIFT_compare_config:
  76 0000 00       	 .byte 0
  77 0001 00       	 .byte 0
  78 0002 00       	 .byte 0
  79 0003 00       	 .byte 0
  80 0004 06       	 .byte 6
  81 0005 00       	 .byte 0
  82 0006 0000     	 .space 2
  83              	 .global PWM_LIFT_gpio_out_config
  84              	 .section .rodata.PWM_LIFT_gpio_out_config,"a",%progbits
  85              	 .align 2
  88              	PWM_LIFT_gpio_out_config:
  89 0000 98       	 .byte -104
  90 0001 000000   	 .space 3
  91 0004 00000100 	 .word 65536
  92 0008 04       	 .byte 4
  93 0009 000000   	 .space 3
  94              	 .global PWM_LIFT
  95              	 .section .data.PWM_LIFT,"aw",%progbits
  96              	 .align 2
  99              	PWM_LIFT:
 100 0000 00000000 	 .word GLOBAL_CCU4_1
 101 0004 00C00040 	 .word 1073790976
 102 0008 00C20040 	 .word 1073791488
 103 000c 00000000 	 .word PWM_LIFT_compare_config
 104 0010 00800248 	 .word 1208123392
 105 0014 00000000 	 .word PWM_LIFT_gpio_out_config
 106 0018 C8AF0000 	 .word 45000
 107 001c C7AF0000 	 .word 44999
 108 0020 00000000 	 .word 0
 109 0024 50000000 	 .word 80
 110 0028 00       	 .byte 0
 111 0029 02       	 .byte 2
 112 002a 00       	 .byte 0
 113 002b 00       	 .byte 0
 114 002c 0E       	 .byte 14
 115 002d 00       	 .byte 0
 116 002e 01       	 .byte 1
 117 002f 01       	 .byte 1
 118 0030 00       	 .byte 0
 119 0031 00       	 .byte 0
 120 0032 0000     	 .space 2
 121              	 .global PWM_ROTATE_compare_config
 122              	 .section .rodata.PWM_ROTATE_compare_config,"a",%progbits
 123              	 .align 2
 126              	PWM_ROTATE_compare_config:
 127 0000 00       	 .byte 0
 128 0001 00       	 .byte 0
 129 0002 00       	 .byte 0
 130 0003 00       	 .byte 0
 131 0004 01       	 .byte 1
 132 0005 00       	 .byte 0
 133 0006 0000     	 .space 2
 134              	 .global PWM_ROTATE_gpio_out_config
 135              	 .section .rodata.PWM_ROTATE_gpio_out_config,"a",%progbits
 136              	 .align 2
 139              	PWM_ROTATE_gpio_out_config:
 140 0000 98       	 .byte -104
 141 0001 000000   	 .space 3
 142 0004 00000100 	 .word 65536
 143 0008 04       	 .byte 4
 144 0009 000000   	 .space 3
 145              	 .global PWM_ROTATE
 146              	 .section .data.PWM_ROTATE,"aw",%progbits
 147              	 .align 2
 150              	PWM_ROTATE:
 151 0000 00000000 	 .word GLOBAL_CCU4_2
 152 0004 00400140 	 .word 1073823744
 153 0008 00420140 	 .word 1073824256
 154 000c 00000000 	 .word PWM_ROTATE_compare_config
 155 0010 00830248 	 .word 1208124160
 156 0014 00000000 	 .word PWM_ROTATE_gpio_out_config
 157 0018 C05D0000 	 .word 24000
 158 001c 7FBB0000 	 .word 47999
 159 0020 88130000 	 .word 5000
 160 0024 50000000 	 .word 80
 161 0028 00       	 .byte 0
 162 0029 02       	 .byte 2
 163 002a 00       	 .byte 0
 164 002b 00       	 .byte 0
 165 002c 0D       	 .byte 13
 166 002d 02       	 .byte 2
 167 002e 01       	 .byte 1
 168 002f 00       	 .byte 0
 169 0030 00       	 .byte 0
 170 0031 00       	 .byte 0
 171 0032 0000     	 .space 2
 172              	 .text
 173              	.Letext0:
 174              	 .file 1 "c:\\users\\forge-15r\\dave-ide-4.4.2-64bit\\eclipse\\arm-gcc-49\\arm-none-eabi\\include\\machine\\_default_types.h"
 175              	 .file 2 "c:\\users\\forge-15r\\dave-ide-4.4.2-64bit\\eclipse\\arm-gcc-49\\arm-none-eabi\\include\\stdint.h"
 176              	 .file 3 "C:/Workspaces/DAVE-4.4.2-64Bit/test/Garbage_collector/Libraries/CMSIS/Infineon/XMC4700_series/Include/XMC4700.h"
 177              	 .file 4 "C:/Workspaces/DAVE-4.4.2-64Bit/test/Garbage_collector/Libraries/XMCLib/inc/xmc_gpio.h"
 178              	 .file 5 "C:/Workspaces/DAVE-4.4.2-64Bit/test/Garbage_collector/Libraries/XMCLib/inc/xmc4_gpio.h"
 179              	 .file 6 "C:/Workspaces/DAVE-4.4.2-64Bit/test/Garbage_collector/Libraries/XMCLib/inc/xmc_ccu4.h"
 180              	 .file 7 "C:/Workspaces/DAVE-4.4.2-64Bit/test/Garbage_collector/Libraries/XMCLib/inc/xmc4_scu.h"
 181              	 .file 8 "C:/Workspaces/DAVE-4.4.2-64Bit/test/Garbage_collector/Dave/Generated/GLOBAL_CCU4/global_ccu4.h"
 182              	 .file 9 "../Dave/Generated/PWM/pwm.h"
 183              	 .file 10 "C:/Workspaces/DAVE-4.4.2-64Bit/test/Garbage_collector/Libraries/CMSIS/Include/cmsis_gcc.h"
 184              	 .file 11 "C:/Workspaces/DAVE-4.4.2-64Bit/test/Garbage_collector/Libraries/CMSIS/Include/core_cm4.h"
 185              	 .file 12 "C:/Workspaces/DAVE-4.4.2-64Bit/test/Garbage_collector/Libraries/CMSIS/Infineon/XMC4700_series/Include/system_XMC4700.h"
 186              	 .file 13 "C:/Workspaces/DAVE-4.4.2-64Bit/test/Garbage_collector/Dave/Generated/GLOBAL_CCU4/global_ccu4_extern.h"
 187              	 .file 14 "../Dave/Generated/PWM/pwm_conf.c"
DEFINED SYMBOLS
                            *ABS*:00000000 pwm_conf.c
    {standard input}:24     .rodata.PWM_CLAMP_compare_config:00000000 PWM_CLAMP_compare_config
    {standard input}:21     .rodata.PWM_CLAMP_compare_config:00000000 $d
    {standard input}:37     .rodata.PWM_CLAMP_gpio_out_config:00000000 PWM_CLAMP_gpio_out_config
    {standard input}:34     .rodata.PWM_CLAMP_gpio_out_config:00000000 $d
    {standard input}:48     .data.PWM_CLAMP:00000000 PWM_CLAMP
    {standard input}:45     .data.PWM_CLAMP:00000000 $d
    {standard input}:75     .rodata.PWM_LIFT_compare_config:00000000 PWM_LIFT_compare_config
    {standard input}:72     .rodata.PWM_LIFT_compare_config:00000000 $d
    {standard input}:88     .rodata.PWM_LIFT_gpio_out_config:00000000 PWM_LIFT_gpio_out_config
    {standard input}:85     .rodata.PWM_LIFT_gpio_out_config:00000000 $d
    {standard input}:99     .data.PWM_LIFT:00000000 PWM_LIFT
    {standard input}:96     .data.PWM_LIFT:00000000 $d
    {standard input}:126    .rodata.PWM_ROTATE_compare_config:00000000 PWM_ROTATE_compare_config
    {standard input}:123    .rodata.PWM_ROTATE_compare_config:00000000 $d
    {standard input}:139    .rodata.PWM_ROTATE_gpio_out_config:00000000 PWM_ROTATE_gpio_out_config
    {standard input}:136    .rodata.PWM_ROTATE_gpio_out_config:00000000 $d
    {standard input}:150    .data.PWM_ROTATE:00000000 PWM_ROTATE
    {standard input}:147    .data.PWM_ROTATE:00000000 $d

UNDEFINED SYMBOLS
GLOBAL_CCU4_0
GLOBAL_CCU4_1
GLOBAL_CCU4_2
